.1.3.6.1.2.1.1.1.0 = Hex-STRING: 42 72 6F 63 61 64 65 20 43 6F 6D 6D 75 6E 69 63 61 74 69 6F 6E 73 20 53 79 73 74 65 6D 73 2C 20 49 6E 63 2E 20 46 57 53 58 34 34 38 2C 20 49 72 6F 6E 57 61 72 65 20 56 65 72 73 69 6F 6E 20 30 35 2E 31 2E 30 30 66 54 31 65 30 20 43 6F 6D 70 69 6C 65 64 20 6F 6E 20 4A 61 6E 20 30 36 20 32 30 31 32 20 61 74 20 31 36 3A 32 32 3A 33 35 20 6C 61 62 65 6C 65 64 20 61 73 20 46 57 58 53 30 35 31 30 30 66
.1.3.6.1.2.1.1.2.0 = OID: .1.3.6.1.4.1.1991.1.3.56.2.1.1.4
.1.3.6.1.4.1.1991.1.1.1.1.18.0 = INTEGER: 77
.1.3.6.1.4.1.1991.1.1.1.1.19.0 = INTEGER: 164
.1.3.6.1.4.1.1991.1.1.1.1.20.0 = INTEGER: 170
.1.3.6.1.4.1.1991.1.1.1.2.1.1.2.1 = Hex-STRING: 50 6F 77 65 72 20 73 75 70 70 6C 79 20 31 20 28 4E 41 20 2D 20 41 43 20 2D 20 52 65 67 75 6C 61 72 29 20 70 72 65 73 65 6E 74 2C 20 73 74 61 74 75 73 20 6F 6B 0A 
.1.3.6.1.4.1.1991.1.1.1.2.1.1.2.2 = Hex-STRING: 50 6F 77 65 72 20 73 75 70 70 6C 79 20 32 20 70 72 65 73 65 6E 74 2C 20 73 74 61 74 75 73 20 66 61 69 6C 65 64 0A 
.1.3.6.1.4.1.1991.1.1.1.2.1.1.3.1 = INTEGER: 2
.1.3.6.1.4.1.1991.1.1.1.2.1.1.3.2 = INTEGER: 3
.1.3.6.1.4.1.1991.1.1.1.3.1.1.3.1 = INTEGER: 2
.1.3.6.1.4.1.1991.1.1.1.3.1.1.3.2 = INTEGER: 2
.1.3.6.1.4.1.1991.1.1.1.3.2.1.4.1.1 = INTEGER: 2
.1.3.6.1.4.1.1991.1.1.1.3.2.1.4.1.2 = INTEGER: 2
.1.3.6.1.4.1.1991.1.1.1.4.1.1.4.1 = INTEGER: 77
.1.3.6.1.4.1.1991.1.1.1.4.1.1.5.1 = INTEGER: 164
.1.3.6.1.4.1.1991.1.1.1.4.1.1.6.1 = INTEGER: 170
.1.3.6.1.4.1.1991.1.1.2.1.54.0 = INTEGER: 465219584
.1.3.6.1.4.1.1991.1.1.2.1.55.0 = INTEGER: 393908224
.1.3.6.1.4.1.1991.1.1.2.11.1.1.4.1.1.1 = Gauge32: 18
.1.3.6.1.4.1.1991.1.1.2.11.1.1.4.1.1.5 = Gauge32: 20
.1.3.6.1.4.1.1991.1.1.2.11.1.1.4.1.1.60 = Gauge32: 43
.1.3.6.1.4.1.1991.1.1.2.11.1.1.4.1.1.300 = Gauge32: 34
.1.3.6.1.4.1.1991.1.1.2.13.1.1.4.1.1 = INTEGER: 97
.1.3.6.1.4.1.1991.1.1.2.13.1.1.4.1.2 = INTEGER: 77
.1.3.6.1.4.1.1991.1.1.3.31.1.1.0 = INTEGER: 0
.1.3.6.1.4.1.1991.1.1.3.31.2.1.1.2.1 = INTEGER: 0
.1.3.6.1.6.3.10.2.1.3.0 = INTEGER: 99079309 seconds
.1.3.6.1.4.1.1991.1.1.2.1.11.0 = Hex-STRING: 30 34 2E 31 2E 30 30 62 54 31 65 30
.1.3.6.1.4.1.1991.1.1.2.1.12.0 = Hex-STRING: 30 34 2E 31 2E 30 30 62 54 31 65 30